<?xml version="1.0" encoding="UTF-8"?>
<testng-results ignored="0" total="2" passed="2" failed="0" skipped="0">
  <reporter-output>
    <line>
      <![CDATA[LE_001 Test method started]]>
    </line>
    <line>
      <![CDATA[LE_001 Test method executed successfully]]>
    </line>
  </reporter-output>
  <suite started-at="2025-09-17T09:48:42 IST" name="Suite" finished-at="2025-09-17T09:49:41 IST" duration-ms="58978">
    <groups>
      <group name="Sanity">
        <method signature="TC_001Test.LE_001()[pri:0, instance:testCaseRepo.TC_001Test@3a93b025]" name="LE_001" class="testCaseRepo.TC_001Test"/>
      </group> <!-- Sanity -->
      <group name="Regression">
        <method signature="TC_006.CON_003()[pri:0, instance:testCaseRepo.TC_006@4d5d943d]" name="CON_003" class="testCaseRepo.TC_006"/>
      </group> <!-- Regression -->
      <group name="Smoke">
        <method signature="TC_001Test.LE_001()[pri:0, instance:testCaseRepo.TC_001Test@3a93b025]" name="LE_001" class="testCaseRepo.TC_001Test"/>
      </group> <!-- Smoke -->
    </groups>
    <test started-at="2025-09-17T09:48:42 IST" name="Test1" finished-at="2025-09-17T09:49:35 IST" duration-ms="53403">
      <class name="testCaseRepo.TC_001Test">
        <test-method is-config="true" signature="launchBrowser(java.lang.String)[pri:0, instance:testCaseRepo.TC_001Test@3a93b025]" started-at="2025-09-17T09:48:43 IST" name="launchBrowser" finished-at="2025-09-17T09:48:55 IST" duration-ms="12611" status="PASS">
          <params>
            <param index="0">
              <value>
                <![CDATA[chrome]]>
              </value>
            </param>
          </params>
          <reporter-output>
          </reporter-output>
        </test-method> <!-- launchBrowser -->
        <test-method is-config="true" signature="loginOperation()[pri:0, instance:testCaseRepo.TC_001Test@3a93b025]" started-at="2025-09-17T09:48:55 IST" name="loginOperation" finished-at="2025-09-17T09:49:06 IST" duration-ms="10419" status="PASS">
          <reporter-output>
          </reporter-output>
        </test-method> <!-- loginOperation -->
        <test-method signature="LE_001()[pri:0, instance:testCaseRepo.TC_001Test@3a93b025]" started-at="2025-09-17T09:49:06 IST" name="LE_001" finished-at="2025-09-17T09:49:32 IST" duration-ms="26168" status="PASS">
          <reporter-output>
            <line>
              <![CDATA[LE_001 Test method started]]>
            </line>
            <line>
              <![CDATA[LE_001 Test method executed successfully]]>
            </line>
          </reporter-output>
        </test-method> <!-- LE_001 -->
        <test-method is-config="true" signature="logoutOperation()[pri:0, instance:testCaseRepo.TC_001Test@3a93b025]" started-at="2025-09-17T09:49:32 IST" name="logoutOperation" finished-at="2025-09-17T09:49:34 IST" duration-ms="2432" status="PASS">
          <reporter-output>
          </reporter-output>
        </test-method> <!-- logoutOperation -->
        <test-method is-config="true" signature="closeBrowser()[pri:0, instance:testCaseRepo.TC_001Test@3a93b025]" started-at="2025-09-17T09:49:34 IST" name="closeBrowser" finished-at="2025-09-17T09:49:35 IST" duration-ms="956" status="PASS">
          <reporter-output>
          </reporter-output>
        </test-method> <!-- closeBrowser -->
      </class> <!-- testCaseRepo.TC_001Test -->
    </test> <!-- Test1 -->
    <test started-at="2025-09-17T09:48:42 IST" name="Test2" finished-at="2025-09-17T09:49:41 IST" duration-ms="58978">
      <class name="testCaseRepo.TC_006">
        <test-method is-config="true" signature="dbConnection()[pri:0, instance:testCaseRepo.TC_006@4d5d943d]" started-at="2025-09-17T09:48:42 IST" name="dbConnection" finished-at="2025-09-17T09:48:42 IST" duration-ms="19" status="PASS">
          <reporter-output>
          </reporter-output>
        </test-method> <!-- dbConnection -->
        <test-method is-config="true" signature="launchBrowser(java.lang.String)[pri:0, instance:testCaseRepo.TC_006@4d5d943d]" started-at="2025-09-17T09:48:42 IST" name="launchBrowser" finished-at="2025-09-17T09:49:03 IST" duration-ms="20898" status="PASS">
          <params>
            <param index="0">
              <value>
                <![CDATA[firefox]]>
              </value>
            </param>
          </params>
          <reporter-output>
          </reporter-output>
        </test-method> <!-- launchBrowser -->
        <test-method is-config="true" signature="loginOperation()[pri:0, instance:testCaseRepo.TC_006@4d5d943d]" started-at="2025-09-17T09:49:03 IST" name="loginOperation" finished-at="2025-09-17T09:49:09 IST" duration-ms="6031" status="PASS">
          <reporter-output>
          </reporter-output>
        </test-method> <!-- loginOperation -->
        <test-method signature="CON_003()[pri:0, instance:testCaseRepo.TC_006@4d5d943d]" started-at="2025-09-17T09:49:09 IST" name="CON_003" finished-at="2025-09-17T09:49:33 IST" duration-ms="24297" status="PASS">
          <reporter-output>
          </reporter-output>
        </test-method> <!-- CON_003 -->
        <test-method is-config="true" signature="logoutOperation()[pri:0, instance:testCaseRepo.TC_006@4d5d943d]" started-at="2025-09-17T09:49:33 IST" name="logoutOperation" finished-at="2025-09-17T09:49:37 IST" duration-ms="3910" status="PASS">
          <reporter-output>
          </reporter-output>
        </test-method> <!-- logoutOperation -->
        <test-method is-config="true" signature="closeBrowser()[pri:0, instance:testCaseRepo.TC_006@4d5d943d]" started-at="2025-09-17T09:49:37 IST" name="closeBrowser" finished-at="2025-09-17T09:49:41 IST" duration-ms="3780" status="PASS">
          <reporter-output>
          </reporter-output>
        </test-method> <!-- closeBrowser -->
        <test-method is-config="true" signature="closeDBConnection()[pri:0, instance:testCaseRepo.TC_006@4d5d943d]" started-at="2025-09-17T09:49:41 IST" name="closeDBConnection" finished-at="2025-09-17T09:49:41 IST" duration-ms="0" status="PASS">
          <reporter-output>
          </reporter-output>
        </test-method> <!-- closeDBConnection -->
      </class> <!-- testCaseRepo.TC_006 -->
    </test> <!-- Test2 -->
  </suite> <!-- Suite -->
</testng-results>
